{"total": {"lines":{"total":497,"covered":355,"skipped":0,"pct":71.42},"statements":{"total":551,"covered":394,"skipped":0,"pct":71.5},"functions":{"total":72,"covered":55,"skipped":0,"pct":76.38},"branches":{"total":339,"covered":203,"skipped":0,"pct":59.88},"branchesTrue":{"total":0,"covered":0,"skipped":0,"pct":100}}
,"/Volumes/External HD/Desenvolvimento/forge-space/forge-ai-action/src/annotations.ts": {"lines":{"total":13,"covered":13,"skipped":0,"pct":100},"functions":{"total":1,"covered":1,"skipped":0,"pct":100},"statements":{"total":13,"covered":13,"skipped":0,"pct":100},"branches":{"total":7,"covered":7,"skipped":0,"pct":100}}
,"/Volumes/External HD/Desenvolvimento/forge-space/forge-ai-action/src/comment.ts": {"lines":{"total":177,"covered":152,"skipped":0,"pct":85.87},"functions":{"total":11,"covered":7,"skipped":0,"pct":63.63},"statements":{"total":184,"covered":156,"skipped":0,"pct":84.78},"branches":{"total":71,"covered":58,"skipped":0,"pct":81.69}}
,"/Volumes/External HD/Desenvolvimento/forge-space/forge-ai-action/src/main.ts": {"lines":{"total":61,"covered":0,"skipped":0,"pct":0},"functions":{"total":1,"covered":0,"skipped":0,"pct":0},"statements":{"total":61,"covered":0,"skipped":0,"pct":0},"branches":{"total":43,"covered":0,"skipped":0,"pct":0}}
,"/Volumes/External HD/Desenvolvimento/forge-space/forge-ai-action/src/tenant.ts": {"lines":{"total":67,"covered":63,"skipped":0,"pct":94.02},"functions":{"total":11,"covered":11,"skipped":0,"pct":100},"statements":{"total":83,"covered":70,"skipped":0,"pct":84.33},"branches":{"total":66,"covered":51,"skipped":0,"pct":77.27}}
,"/Volumes/External HD/Desenvolvimento/forge-space/forge-ai-action/src/types.ts": {"lines":{"total":11,"covered":11,"skipped":0,"pct":100},"functions":{"total":1,"covered":1,"skipped":0,"pct":100},"statements":{"total":21,"covered":21,"skipped":0,"pct":100},"branches":{"total":20,"covered":20,"skipped":0,"pct":100}}
,"/Volumes/External HD/Desenvolvimento/forge-space/forge-ai-action/src/commands/assess.ts": {"lines":{"total":11,"covered":11,"skipped":0,"pct":100},"functions":{"total":3,"covered":3,"skipped":0,"pct":100},"statements":{"total":13,"covered":13,"skipped":0,"pct":100},"branches":{"total":4,"covered":4,"skipped":0,"pct":100}}
,"/Volumes/External HD/Desenvolvimento/forge-space/forge-ai-action/src/commands/diff.ts": {"lines":{"total":10,"covered":10,"skipped":0,"pct":100},"functions":{"total":3,"covered":3,"skipped":0,"pct":100},"statements":{"total":12,"covered":12,"skipped":0,"pct":100},"branches":{"total":8,"covered":8,"skipped":0,"pct":100}}
,"/Volumes/External HD/Desenvolvimento/forge-space/forge-ai-action/src/commands/gate.ts": {"lines":{"total":10,"covered":10,"skipped":0,"pct":100},"functions":{"total":3,"covered":3,"skipped":0,"pct":100},"statements":{"total":12,"covered":12,"skipped":0,"pct":100},"branches":{"total":4,"covered":4,"skipped":0,"pct":100}}
,"/Volumes/External HD/Desenvolvimento/forge-space/forge-ai-action/src/commands/git-utils.ts": {"lines":{"total":21,"covered":21,"skipped":0,"pct":100},"functions":{"total":5,"covered":5,"skipped":0,"pct":100},"statements":{"total":24,"covered":24,"skipped":0,"pct":100},"branches":{"total":12,"covered":12,"skipped":0,"pct":100}}
,"/Volumes/External HD/Desenvolvimento/forge-space/forge-ai-action/src/commands/migrate.ts": {"lines":{"total":16,"covered":16,"skipped":0,"pct":100},"functions":{"total":7,"covered":7,"skipped":0,"pct":100},"statements":{"total":18,"covered":18,"skipped":0,"pct":100},"branches":{"total":2,"covered":2,"skipped":0,"pct":100}}
,"/Volumes/External HD/Desenvolvimento/forge-space/forge-ai-action/src/commands/scan.ts": {"lines":{"total":7,"covered":7,"skipped":0,"pct":100},"functions":{"total":3,"covered":3,"skipped":0,"pct":100},"statements":{"total":9,"covered":9,"skipped":0,"pct":100},"branches":{"total":2,"covered":2,"skipped":0,"pct":100}}
,"/Volumes/External HD/Desenvolvimento/forge-space/forge-ai-action/src/commands/test-autogen.ts": {"lines":{"total":93,"covered":41,"skipped":0,"pct":44.08},"functions":{"total":23,"covered":11,"skipped":0,"pct":47.82},"statements":{"total":101,"covered":46,"skipped":0,"pct":45.54},"branches":{"total":100,"covered":35,"skipped":0,"pct":35}}
}
