TN:
SF:src/annotations.ts
FN:12,addAnnotations
FNF:1
FNH:1
FNDA:7,addAnnotations
DA:4,1
DA:13,7
DA:14,9
DA:15,9
DA:20,9
DA:21,1
DA:24,9
DA:26,3
DA:27,3
DA:29,3
DA:30,3
DA:32,3
DA:33,3
LF:13
LH:13
BRDA:14,0,0,9
BRDA:14,0,1,1
BRDA:20,1,0,1
BRDA:20,1,1,8
BRDA:24,2,0,3
BRDA:24,2,1,3
BRDA:24,2,2,3
BRF:7
BRH:7
end_of_record
TN:
SF:src/comment.ts
FN:13,escapeCell
FN:17,truncate
FN:22,buildCommentBody
FN:95,severityBadge
FN:110,postComment
FN:128,(anonymous_5)
FN:152,readinessIcon
FN:165,buildMigrateCommentBody
FN:321,gradeFromScore
FN:329,postMigrateComment
FN:347,(anonymous_10)
FNF:11
FNH:7
FNDA:395,escapeCell
FNDA:119,truncate
FNDA:28,buildCommentBody
FNDA:88,severityBadge
FNDA:0,postComment
FNDA:0,(anonymous_5)
FNDA:27,readinessIcon
FNDA:27,buildMigrateCommentBody
FNDA:82,gradeFromScore
FNDA:0,postMigrateComment
FNDA:0,(anonymous_10)
DA:11,2
DA:14,395
DA:18,119
DA:19,1
DA:23,28
DA:24,28
DA:25,28
DA:27,28
DA:29,28
DA:30,28
DA:31,28
DA:37,28
DA:39,28
DA:40,1
DA:41,1
DA:42,1
DA:43,1
DA:44,1
DA:45,1
DA:46,2
DA:48,1
DA:49,1
DA:50,1
DA:53,28
DA:54,16
DA:55,16
DA:58,16
DA:59,16
DA:60,16
DA:62,16
DA:63,16
DA:64,41
DA:65,41
DA:68,41
DA:69,41
DA:70,41
DA:73,16
DA:74,1
DA:75,1
DA:79,16
DA:80,16
DA:81,16
DA:84,28
DA:85,28
DA:92,28
DA:96,88
DA:98,1
DA:100,33
DA:102,21
DA:104,32
DA:106,1
DA:115,0
DA:116,0
DA:118,0
DA:119,0
DA:121,0
DA:127,0
DA:128,0
DA:131,0
DA:133,0
DA:134,0
DA:141,0
DA:150,2
DA:153,27
DA:155,12
DA:157,14
DA:159,1
DA:161,0
DA:166,27
DA:167,27
DA:168,27
DA:169,27
DA:171,27
DA:173,27
DA:174,27
DA:175,27
DA:180,27
DA:182,27
DA:183,27
DA:184,27
DA:185,27
DA:186,27
DA:188,27
DA:189,17
DA:190,17
DA:191,17
DA:192,17
DA:193,17
DA:194,82
DA:195,82
DA:196,82
DA:200,17
DA:203,27
DA:204,17
DA:205,17
DA:208,17
DA:210,17
DA:211,33
DA:212,33
DA:213,33
DA:214,33
DA:215,81
DA:217,33
DA:218,33
DA:219,33
DA:222,17
DA:223,17
DA:226,27
DA:227,16
DA:228,16
DA:231,16
DA:232,16
DA:233,16
DA:234,16
DA:235,16
DA:236,16
DA:240,16
DA:241,16
DA:242,16
DA:245,27
DA:246,16
DA:247,16
DA:250,16
DA:251,16
DA:252,16
DA:253,16
DA:254,16
DA:258,16
DA:259,16
DA:260,16
DA:263,27
DA:264,16
DA:265,16
DA:268,16
DA:269,16
DA:270,16
DA:271,16
DA:273,31
DA:275,31
DA:279,16
DA:280,16
DA:281,16
DA:284,27
DA:285,16
DA:286,16
DA:289,16
DA:290,16
DA:291,16
DA:292,16
DA:293,16
DA:294,31
DA:295,31
DA:299,16
DA:300,0
DA:301,0
DA:305,16
DA:306,16
DA:307,16
DA:310,27
DA:311,27
DA:318,27
DA:322,82
DA:323,82
DA:324,81
DA:325,64
DA:326,16
DA:334,0
DA:335,0
DA:337,0
DA:338,0
DA:340,0
DA:346,0
DA:347,0
DA:350,0
DA:352,0
DA:353,0
DA:360,0
LF:177
LH:152
BRDA:18,0,0,118
BRDA:18,0,1,1
BRDA:23,1,0,26
BRDA:23,1,1,2
BRDA:24,2,0,26
BRDA:24,2,1,2
BRDA:25,3,0,27
BRDA:25,3,1,1
BRDA:35,4,0,14
BRDA:35,4,1,14
BRDA:39,5,0,1
BRDA:39,5,1,27
BRDA:53,6,0,16
BRDA:53,6,1,12
BRDA:65,7,0,4
BRDA:65,7,1,37
BRDA:73,8,0,1
BRDA:73,8,1,15
BRDA:96,9,0,1
BRDA:96,9,1,33
BRDA:96,9,2,21
BRDA:96,9,3,32
BRDA:96,9,4,1
BRDA:116,10,0,0
BRDA:116,10,1,0
BRDA:133,11,0,0
BRDA:133,11,1,0
BRDA:153,12,0,12
BRDA:153,12,1,14
BRDA:153,12,2,1
BRDA:153,12,3,0
BRDA:167,13,0,27
BRDA:167,13,1,0
BRDA:168,14,0,11
BRDA:168,14,1,16
BRDA:169,15,0,11
BRDA:169,15,1,16
BRDA:188,16,0,17
BRDA:188,16,1,10
BRDA:195,17,0,1
BRDA:195,17,1,81
BRDA:195,18,0,33
BRDA:195,18,1,48
BRDA:203,19,0,17
BRDA:203,19,1,10
BRDA:226,20,0,16
BRDA:226,20,1,11
BRDA:245,21,0,16
BRDA:245,21,1,11
BRDA:263,22,0,16
BRDA:263,22,1,11
BRDA:273,23,0,16
BRDA:273,23,1,15
BRDA:274,24,0,15
BRDA:274,24,1,0
BRDA:284,25,0,16
BRDA:284,25,1,11
BRDA:299,26,0,0
BRDA:299,26,1,16
BRDA:322,27,0,0
BRDA:322,27,1,82
BRDA:323,28,0,1
BRDA:323,28,1,81
BRDA:324,29,0,17
BRDA:324,29,1,64
BRDA:325,30,0,48
BRDA:325,30,1,16
BRDA:335,31,0,0
BRDA:335,31,1,0
BRDA:352,32,0,0
BRDA:352,32,1,0
BRF:71
BRH:58
end_of_record
TN:
SF:src/main.ts
FN:14,run
FNF:1
FNH:0
FNDA:0,run
DA:15,0
DA:16,0
DA:17,0
DA:18,0
DA:19,0
DA:20,0
DA:21,0
DA:22,0
DA:28,0
DA:29,0
DA:31,0
DA:32,0
DA:37,0
DA:39,0
DA:40,0
DA:42,0
DA:43,0
DA:45,0
DA:46,0
DA:48,0
DA:49,0
DA:51,0
DA:52,0
DA:53,0
DA:55,0
DA:61,0
DA:63,0
DA:64,0
DA:67,0
DA:68,0
DA:69,0
DA:70,0
DA:72,0
DA:73,0
DA:75,0
DA:76,0
DA:79,0
DA:80,0
DA:81,0
DA:82,0
DA:84,0
DA:85,0
DA:86,0
DA:89,0
DA:90,0
DA:91,0
DA:93,0
DA:94,0
DA:96,0
DA:97,0
DA:98,0
DA:100,0
DA:104,0
DA:105,0
DA:109,0
DA:111,0
DA:114,0
DA:117,0
DA:118,0
DA:120,0
DA:125,0
LF:61
LH:0
BRDA:16,0,0,0
BRDA:16,0,1,0
BRDA:17,1,0,0
BRDA:17,1,1,0
BRDA:20,2,0,0
BRDA:20,2,1,0
BRDA:37,3,0,0
BRDA:37,3,1,0
BRDA:37,3,2,0
BRDA:37,3,3,0
BRDA:37,3,4,0
BRDA:37,3,5,0
BRDA:37,3,6,0
BRDA:72,4,0,0
BRDA:72,4,1,0
BRDA:75,5,0,0
BRDA:75,5,1,0
BRDA:80,6,0,0
BRDA:80,6,1,0
BRDA:81,7,0,0
BRDA:81,7,1,0
BRDA:84,8,0,0
BRDA:84,8,1,0
BRDA:89,9,0,0
BRDA:89,9,1,0
BRDA:93,10,0,0
BRDA:93,10,1,0
BRDA:93,11,0,0
BRDA:93,11,1,0
BRDA:96,12,0,0
BRDA:96,12,1,0
BRDA:97,13,0,0
BRDA:97,13,1,0
BRDA:104,14,0,0
BRDA:104,14,1,0
BRDA:104,15,0,0
BRDA:104,15,1,0
BRDA:109,16,0,0
BRDA:109,16,1,0
BRDA:111,17,0,0
BRDA:111,17,1,0
BRDA:117,18,0,0
BRDA:117,18,1,0
BRF:43
BRH:0
end_of_record
TN:
SF:src/tenant.ts
FN:20,isRecord
FN:24,parseScalar
FN:38,stripInlineComment
FN:44,isSimpleYamlKey
FN:57,parseSimpleYamlLine
FN:77,parseSimpleYaml
FN:106,parseProfile
FN:113,isTenantProfile
FN:125,resolveProfilePath
FN:137,requiredInput
FN:143,resolveTenantContext
FNF:11
FNH:11
FNDA:15,isRecord
FNDA:50,parseScalar
FNDA:65,stripInlineComment
FNDA:60,isSimpleYamlKey
FNDA:65,parseSimpleYamlLine
FNDA:5,parseSimpleYaml
FNDA:5,parseProfile
FNDA:5,isTenantProfile
FNDA:5,resolveProfilePath
FNDA:10,requiredInput
FNDA:5,resolveTenantContext
DA:21,15
DA:25,50
DA:26,50
DA:27,25
DA:28,25
DA:29,20
DA:33,5
DA:35,15
DA:39,65
DA:40,65
DA:41,2
DA:45,60
DA:46,60
DA:47,800
DA:49,800
DA:52,800
DA:54,60
DA:62,65
DA:63,65
DA:64,65
DA:66,60
DA:67,60
DA:68,60
DA:70,60
DA:71,60
DA:73,60
DA:74,60
DA:78,5
DA:79,5
DA:83,5
DA:84,65
DA:85,65
DA:86,60
DA:88,60
DA:89,5
DA:92,60
DA:93,60
DA:94,10
DA:95,10
DA:96,10
DA:97,10
DA:100,50
DA:103,5
DA:107,5
DA:108,5
DA:109,5
DA:110,0
DA:114,5
DA:115,5
DA:126,5
DA:127,5
DA:128,5
DA:129,5
DA:130,5
DA:132,0
DA:138,10
DA:139,10
DA:140,0
DA:148,5
DA:149,5
DA:150,5
DA:151,5
DA:153,5
DA:154,0
DA:159,5
DA:160,1
DA:165,4
LF:67
LH:63
BRDA:21,0,0,15
BRDA:21,0,1,15
BRDA:26,1,0,25
BRDA:26,1,1,25
BRDA:27,2,0,0
BRDA:27,2,1,25
BRDA:28,3,0,5
BRDA:28,3,1,20
BRDA:29,4,0,5
BRDA:29,4,1,15
BRDA:30,5,0,20
BRDA:30,5,1,5
BRDA:30,5,2,15
BRDA:30,5,3,0
BRDA:40,6,0,63
BRDA:40,6,1,2
BRDA:45,7,0,0
BRDA:45,7,1,60
BRDA:49,8,0,800
BRDA:49,8,1,800
BRDA:49,8,2,800
BRDA:49,8,3,800
BRDA:49,8,4,800
BRDA:49,8,5,715
BRDA:52,9,0,0
BRDA:52,9,1,800
BRDA:52,10,0,800
BRDA:52,10,1,85
BRDA:52,10,2,0
BRDA:52,10,3,0
BRDA:64,11,0,5
BRDA:64,11,1,60
BRDA:68,12,0,0
BRDA:68,12,1,60
BRDA:71,13,0,0
BRDA:71,13,1,60
BRDA:85,14,0,5
BRDA:85,14,1,60
BRDA:88,15,0,65
BRDA:88,15,1,35
BRDA:93,16,0,10
BRDA:93,16,1,50
BRDA:108,17,0,0
BRDA:108,17,1,5
BRDA:109,18,0,5
BRDA:109,18,1,0
BRDA:109,19,0,5
BRDA:109,19,1,5
BRDA:114,20,0,0
BRDA:114,20,1,5
BRDA:116,21,0,5
BRDA:116,21,1,5
BRDA:116,21,2,5
BRDA:116,21,3,5
BRDA:116,21,4,5
BRDA:116,21,5,5
BRDA:128,22,0,0
BRDA:128,22,1,5
BRDA:129,23,0,0
BRDA:129,23,1,5
BRDA:139,24,0,10
BRDA:139,24,1,0
BRDA:153,25,0,0
BRDA:153,25,1,5
BRDA:159,26,0,1
BRDA:159,26,1,4
BRF:66
BRH:51
end_of_record
TN:
SF:src/types.ts
FN:26,scoreToGrade
FNF:1
FNH:1
FNDA:42,scoreToGrade
DA:27,42
DA:28,38
DA:29,33
DA:30,29
DA:31,25
DA:32,21
DA:33,15
DA:34,12
DA:35,7
DA:36,6
DA:37,4
LF:11
LH:11
BRDA:27,0,0,4
BRDA:27,0,1,38
BRDA:28,1,0,5
BRDA:28,1,1,33
BRDA:29,2,0,4
BRDA:29,2,1,29
BRDA:30,3,0,4
BRDA:30,3,1,25
BRDA:31,4,0,4
BRDA:31,4,1,21
BRDA:32,5,0,6
BRDA:32,5,1,15
BRDA:33,6,0,3
BRDA:33,6,1,12
BRDA:34,7,0,5
BRDA:34,7,1,7
BRDA:35,8,0,1
BRDA:35,8,1,6
BRDA:36,9,0,2
BRDA:36,9,1,4
BRF:20
BRH:20
end_of_record
TN:
SF:src/commands/assess.ts
FN:9,runAssessCommand
FN:17,(anonymous_1)
FN:25,(anonymous_2)
FNF:3
FNH:3
FNDA:4,runAssessCommand
FNDA:5,(anonymous_1)
FNDA:7,(anonymous_2)
DA:10,4
DA:11,4
DA:13,4
DA:14,4
DA:15,4
DA:17,5
DA:25,7
DA:30,4
DA:31,4
DA:34,4
DA:39,4
LF:11
LH:11
BRDA:18,0,0,5
BRDA:18,0,1,1
BRDA:37,1,0,1
BRDA:37,1,1,3
BRF:4
BRH:4
end_of_record
TN:
SF:src/commands/diff.ts
FN:10,runDiffCommand
FN:21,(anonymous_1)
FN:28,(anonymous_2)
FNF:3
FNH:3
FNDA:3,runDiffCommand
FNDA:3,(anonymous_1)
FNDA:3,(anonymous_2)
DA:11,3
DA:12,3
DA:18,3
DA:19,3
DA:21,3
DA:28,3
DA:33,3
DA:34,3
DA:36,3
DA:40,3
LF:10
LH:10
BRDA:33,0,0,2
BRDA:33,0,1,1
BRDA:34,1,0,2
BRDA:34,1,1,1
BRDA:37,2,0,1
BRDA:37,2,1,2
BRDA:38,3,0,1
BRDA:38,3,1,2
BRF:8
BRH:8
end_of_record
TN:
SF:src/commands/gate.ts
FN:10,runGateCommand
FN:22,(anonymous_1)
FN:29,(anonymous_2)
FNF:3
FNH:3
FNDA:5,runGateCommand
FNDA:2,(anonymous_1)
FNDA:7,(anonymous_2)
DA:11,5
DA:12,5
DA:18,5
DA:19,5
DA:20,5
DA:22,5
DA:29,7
DA:34,5
DA:36,5
DA:39,5
LF:10
LH:10
BRDA:34,0,0,4
BRDA:34,0,1,1
BRDA:37,1,0,2
BRDA:37,1,1,3
BRF:4
BRH:4
end_of_record
TN:
SF:src/commands/git-utils.ts
FN:12,sanitizeGitRef
FN:19,resolveGitBinary
FN:28,hasRef
FN:40,resolveDiffBase
FN:48,(anonymous_4)
FNF:5
FNH:5
FNDA:33,sanitizeGitRef
FNDA:28,resolveGitBinary
FNDA:23,hasRef
FNDA:10,resolveDiffBase
FNDA:50,(anonymous_4)
DA:4,3
DA:5,3
DA:13,33
DA:14,22
DA:15,14
DA:16,12
DA:20,28
DA:21,37
DA:22,27
DA:25,1
DA:29,23
DA:30,23
DA:34,15
DA:36,8
DA:41,10
DA:42,10
DA:48,50
DA:50,10
DA:51,16
DA:52,9
DA:56,1
LF:21
LH:21
BRDA:13,0,0,11
BRDA:13,0,1,22
BRDA:14,1,0,8
BRDA:14,1,1,14
BRDA:15,2,0,2
BRDA:15,2,1,12
BRDA:21,3,0,27
BRDA:21,3,1,10
BRDA:43,4,0,4
BRDA:43,4,1,6
BRDA:51,5,0,9
BRDA:51,5,1,7
BRF:12
BRH:12
end_of_record
TN:
SF:src/commands/migrate.ts
FN:40,runMigrateCommand
FN:52,(anonymous_1)
FN:60,(anonymous_2)
FN:88,(anonymous_3)
FN:94,(anonymous_4)
FN:99,(anonymous_5)
FN:105,(anonymous_6)
FNF:7
FNH:7
FNDA:6,runMigrateCommand
FNDA:2,(anonymous_1)
FNDA:6,(anonymous_2)
FNDA:12,(anonymous_3)
FNDA:12,(anonymous_4)
FNDA:6,(anonymous_5)
FNDA:4,(anonymous_6)
DA:44,6
DA:45,6
DA:46,6
DA:48,6
DA:49,6
DA:50,6
DA:52,6
DA:60,6
DA:65,6
DA:66,6
DA:69,6
DA:75,6
DA:88,12
DA:94,12
DA:99,6
DA:105,4
LF:16
LH:16
BRDA:53,0,0,2
BRDA:53,0,1,1
BRF:2
BRH:2
end_of_record
TN:
SF:src/commands/scan.ts
FN:9,runScanCommand
FN:15,(anonymous_1)
FN:22,(anonymous_2)
FNF:3
FNH:3
FNDA:3,runScanCommand
FNDA:4,(anonymous_1)
FNDA:4,(anonymous_2)
DA:10,3
DA:12,3
DA:13,3
DA:15,4
DA:22,4
DA:28,3
DA:32,3
LF:7
LH:7
BRDA:29,0,0,1
BRDA:29,0,1,2
BRF:2
BRH:2
end_of_record
TN:
SF:src/commands/test-autogen.ts
FN:25,normalizePhase
FN:30,isE2EMissing
FN:34,shouldBlock
FN:40,buildCommandArgs
FN:61,resolveBaseRef
FN:67,findingFromMissing
FN:77,safeParseResult
FN:88,scoreFromMissing
FN:93,isFallbackEligible
FN:102,runGitDiff
FN:114,(anonymous_10)
FN:115,(anonymous_11)
FN:121,isTestLikeFile
FN:135,isProdSource
FN:146,isUiFile
FN:159,isApiFile
FN:173,isCriticalFlow
FN:177,stripExtension
FN:181,testExt
FN:185,buildTestPath
FN:204,buildFallbackResult
FN:240,runTestAutogenCheckCommand
FN:308,(anonymous_22)
FNF:23
FNH:11
FNDA:5,normalizePhase
FNDA:6,isE2EMissing
FNDA:4,shouldBlock
FNDA:5,buildCommandArgs
FNDA:5,resolveBaseRef
FNDA:4,findingFromMissing
FNDA:4,safeParseResult
FNDA:4,scoreFromMissing
FNDA:1,isFallbackEligible
FNDA:0,runGitDiff
FNDA:0,(anonymous_10)
FNDA:0,(anonymous_11)
FNDA:0,isTestLikeFile
FNDA:0,isProdSource
FNDA:0,isUiFile
FNDA:0,isApiFile
FNDA:0,isCriticalFlow
FNDA:0,stripExtension
FNDA:0,testExt
FNDA:0,buildTestPath
FNDA:0,buildFallbackResult
FNDA:6,runTestAutogenCheckCommand
FNDA:4,(anonymous_22)
DA:23,1
DA:26,5
DA:27,2
DA:31,6
DA:35,4
DA:36,3
DA:37,1
DA:45,5
DA:55,5
DA:56,1
DA:58,5
DA:62,5
DA:63,5
DA:64,1
DA:68,4
DA:69,4
DA:78,4
DA:79,4
DA:89,4
DA:90,4
DA:94,1
DA:103,0
DA:106,0
DA:107,0
DA:112,0
DA:114,0
DA:115,0
DA:117,0
DA:122,0
DA:136,0
DA:137,0
DA:138,0
DA:139,0
DA:142,0
DA:143,0
DA:147,0
DA:148,0
DA:149,0
DA:150,0
DA:160,0
DA:161,0
DA:174,0
DA:178,0
DA:182,0
DA:186,0
DA:187,0
DA:189,0
DA:190,0
DA:191,0
DA:194,0
DA:195,0
DA:196,0
DA:197,0
DA:198,0
DA:201,0
DA:205,0
DA:206,0
DA:207,0
DA:209,0
DA:210,0
DA:212,0
DA:213,0
DA:215,0
DA:216,0
DA:219,0
DA:220,0
DA:221,0
DA:225,0
DA:226,0
DA:227,0
DA:231,0
DA:246,6
DA:247,1
DA:265,5
DA:266,5
DA:269,5
DA:271,5
DA:272,5
DA:281,4
DA:283,1
DA:284,1
DA:285,1
DA:303,0
DA:304,0
DA:307,4
DA:308,4
DA:309,4
DA:310,4
DA:311,4
DA:313,4
DA:314,4
DA:316,4
DA:320,4
LF:93
LH:41
BRDA:23,0,0,0
BRDA:23,0,1,1
BRDA:26,1,0,3
BRDA:26,1,1,2
BRDA:26,2,0,5
BRDA:26,2,1,4
BRDA:31,3,0,6
BRDA:31,3,1,3
BRDA:35,4,0,1
BRDA:35,4,1,3
BRDA:36,5,0,2
BRDA:36,5,1,1
BRDA:55,6,0,1
BRDA:55,6,1,4
BRDA:63,7,0,4
BRDA:63,7,1,1
BRDA:71,8,0,2
BRDA:71,8,1,2
BRDA:72,9,0,2
BRDA:72,9,1,2
BRDA:80,10,0,4
BRDA:80,10,1,0
BRDA:81,11,0,4
BRDA:81,11,1,0
BRDA:82,12,0,4
BRDA:82,12,1,0
BRDA:83,13,0,4
BRDA:83,13,1,0
BRDA:84,14,0,4
BRDA:84,14,1,0
BRDA:95,15,0,1
BRDA:95,15,1,1
BRDA:95,15,2,1
BRDA:95,15,3,1
BRDA:103,16,0,0
BRDA:103,16,1,0
BRDA:123,17,0,0
BRDA:123,17,1,0
BRDA:123,17,2,0
BRDA:123,17,3,0
BRDA:123,17,4,0
BRDA:123,17,5,0
BRDA:123,17,6,0
BRDA:123,17,7,0
BRDA:123,17,8,0
BRDA:136,18,0,0
BRDA:136,18,1,0
BRDA:137,19,0,0
BRDA:137,19,1,0
BRDA:138,20,0,0
BRDA:138,20,1,0
BRDA:138,21,0,0
BRDA:138,21,1,0
BRDA:138,21,2,0
BRDA:149,22,0,0
BRDA:149,22,1,0
BRDA:151,23,0,0
BRDA:151,23,1,0
BRDA:151,23,2,0
BRDA:151,23,3,0
BRDA:151,23,4,0
BRDA:162,24,0,0
BRDA:162,24,1,0
BRDA:162,24,2,0
BRDA:162,24,3,0
BRDA:162,24,4,0
BRDA:162,24,5,0
BRDA:162,24,6,0
BRDA:162,24,7,0
BRDA:182,25,0,0
BRDA:182,25,1,0
BRDA:186,26,0,0
BRDA:186,26,1,0
BRDA:189,27,0,0
BRDA:189,27,1,0
BRDA:195,28,0,0
BRDA:195,28,1,0
BRDA:197,29,0,0
BRDA:197,29,1,0
BRDA:215,30,0,0
BRDA:215,30,1,0
BRDA:219,31,0,0
BRDA:219,31,1,0
BRDA:219,31,2,0
BRDA:219,31,3,0
BRDA:219,31,4,0
BRDA:220,32,0,0
BRDA:220,32,1,0
BRDA:226,33,0,0
BRDA:226,33,1,0
BRDA:246,34,0,1
BRDA:246,34,1,5
BRDA:246,35,0,6
BRDA:246,35,1,5
BRDA:283,36,0,1
BRDA:283,36,1,0
BRDA:284,37,0,1
BRDA:284,37,1,0
BRDA:314,38,0,0
BRDA:314,38,1,4
BRF:100
BRH:35
end_of_record
